<?xml version="1.0" encoding="UTF-8"?>
<!-- Generated by org.testng.reporters.JUnitXMLReporter -->
<testsuite ignored="0" hostname="DESKTOP-5JHJNDH" failures="0" tests="2" name="Test-Runner3" time="32.589" errors="0" timestamp="2024-04-12T13:01:16 IST">
  <testcase classname="Admin.AdminDriver_Test" name="adminLogin" time="10.241"/>
  <testcase classname="Admin.AdminDriver_Test" name="manageDoctor" time="17.447"/>
</testsuite> <!-- Test-Runner3 -->
