<?xml version="1.0" encoding="UTF-8"?>
<!-- Generated by org.testng.reporters.JUnitXMLReporter -->
<testsuite ignored="0" hostname="DESKTOP-5JHJNDH" failures="0" tests="2" name="Test-Runner2" time="35.193" errors="0" timestamp="2024-04-12T13:00:43 IST">
  <testcase classname="Admin.AdminDriver_Test" name="adminLogin" time="7.73"/>
  <testcase classname="Admin.AdminDriver_Test" name="manageDoctor" time="19.259"/>
</testsuite> <!-- Test-Runner2 -->
