<?xml version="1.0" encoding="UTF-8"?>
<!-- Generated by org.testng.reporters.JUnitReportReporter -->
<testsuite hostname="DESKTOP-5JHJNDH" failures="0" tests="1" name="GitHubEx.Example1" time="0.033" errors="0" timestamp="2024-04-18T17:18:09 IST" skipped="0">
  <testcase classname="GitHubEx.Example1" name="met1" time="0.033"/>
</testsuite> <!-- GitHubEx.Example1 -->
