<?xml version="1.0" encoding="UTF-8"?>
<!-- Generated by org.testng.reporters.JUnitReportReporter -->
<testsuite hostname="DESKTOP-5JHJNDH" failures="0" tests="3" name="TestNGdataProviders.OrderOfExecution" time="0.029" errors="0" timestamp="2024-04-08T13:13:26 IST" skipped="0">
  <testcase classname="TestNGdataProviders.OrderOfExecution" name="testScript3" time="0.006"/>
  <testcase classname="TestNGdataProviders.OrderOfExecution" name="testScript2" time="0.006"/>
  <testcase classname="TestNGdataProviders.OrderOfExecution" name="testScript1" time="0.017"/>
</testsuite> <!-- TestNGdataProviders.OrderOfExecution -->
