<?xml version="1.0" encoding="UTF-8"?>
<!-- Generated by org.testng.reporters.JUnitReportReporter -->
<testsuite hostname="DESKTOP-5JHJNDH" failures="0" tests="2" name="Admin.AdminRun_1Test" time="22.500" errors="0" timestamp="2024-04-18T09:53:58 IST" skipped="0">
  <testcase classname="Admin.AdminRun_1Test" name="adminLogin" time="8.707">
    <system-out>
      <![CDATA[execution starts from here
adminLogin---executed successfully]]>
    </system-out>
  </testcase> <!-- adminLogin -->
  <testcase classname="Admin.AdminRun_1Test" name="manageDoctor" time="13.793">
    <system-out>
      <![CDATA[execution starts from here
manageDoctor---executed successfully]]>
    </system-out>
  </testcase> <!-- manageDoctor -->
  <system-out>
    <![CDATA[---Launched browser...
---Welcome to Homepage...
execution starts from here
adminLogin---executed successfully
---Loggged out successfully...
---Welcome to Homepage...
execution starts from here
manageDoctor---executed successfully
---Loggged out successfully...
---Close the Browser...]]>
  </system-out>
</testsuite> <!-- Admin.AdminRun_1Test -->
