<?xml version="1.0" encoding="UTF-8"?>
<!-- Generated by org.testng.reporters.JUnitReportReporter -->
<testsuite hostname="DESKTOP-5JHJNDH" failures="0" tests="1" name="com.healthkart.www.HMS" time="10.021" errors="0" timestamp="2024-03-29T13:12:16 IST" skipped="0">
  <testcase classname="com.healthkart.www.HMS" name="manageDoctor" time="10.021"/>
</testsuite> <!-- com.healthkart.www.HMS -->
