<?xml version="1.0" encoding="UTF-8"?>
<!-- Generated by org.testng.reporters.JUnitReportReporter -->
<testsuite hostname="DESKTOP-5JHJNDH" failures="0" tests="2" name="TestNGdataProviders.readDataFromExcel" time="0.014" errors="0" timestamp="2024-04-12T16:04:16 IST" skipped="0">
  <testcase classname="TestNGdataProviders.readDataFromExcel" name="getDataFromExcel" time="0.003"/>
  <testcase classname="TestNGdataProviders.readDataFromExcel" name="getDataFromExcel" time="0.011"/>
</testsuite> <!-- TestNGdataProviders.readDataFromExcel -->
